# JRE version: Java(TM) SE Runtime Environment (8.0_211-b12) (build 1.8.0_211-b12)
# Java VM: Java HotSpot(TM) 64-Bit Server VM (25.211-b12 mixed mode bsd-amd64 compressed oops)
Heap:
 PSYoungGen      total 403456K, used 61737K [0x00000007a0000000, 0x00000007bf980000, 0x00000007c0000000)
  eden space 299008K, 15% used [0x00000007a0000000,0x00000007a2c56638,0x00000007b2400000)
  from space 104448K, 15% used [0x00000007b2400000,0x00000007b33f3fd0,0x00000007b8a00000)
  to   space 103936K, 0% used [0x00000007b9400000,0x00000007b9400000,0x00000007bf980000)
 ParOldGen       total 469504K, used 321963K [0x0000000760000000, 0x000000077ca80000, 0x00000007a0000000)
  object space 469504K, 68% used [0x0000000760000000,0x0000000773a6af20,0x000000077ca80000)
 Metaspace       used 110255K, capacity 116330K, committed 116480K, reserved 1150976K
  class space    used 13826K, capacity 15039K, committed 15104K, reserved 1048576K
GC Heap History (10 events):
Event: 58.573 GC heap before
{Heap before GC invocations=30 (full 5):
 PSYoungGen      total 418304K, used 357996K [0x00000007a0000000, 0x00000007c0000000, 0x00000007c0000000)
  eden space 308736K, 100% used [0x00000007a0000000,0x00000007b2d80000,0x00000007b2d80000)
  from space 109568K, 44% used [0x00000007b9500000,0x00000007bc51b260,0x00000007c0000000)
  to   space 105984K, 0% used [0x00000007b2d80000,0x00000007b2d80000,0x00000007b9500000)
 ParOldGen       total 469504K, used 246039K [0x0000000760000000, 0x000000077ca80000, 0x00000007a0000000)
  object space 469504K, 52% used [0x0000000760000000,0x000000076f045d28,0x000000077ca80000)
 Metaspace       used 102959K, capacity 108098K, committed 108544K, reserved 1142784K
  class space    used 13134K, capacity 14177K, committed 14336K, reserved 1048576K
Event: 58.804 GC heap after
Heap after GC invocations=30 (full 5):
 PSYoungGen      total 408576K, used 99489K [0x00000007a0000000, 0x00000007c0000000, 0x00000007c0000000)
  eden space 308736K, 0% used [0x00000007a0000000,0x00000007a0000000,0x00000007b2d80000)
  from space 99840K, 99% used [0x00000007b2d80000,0x00000007b8ea8588,0x00000007b8f00000)
  to   space 115712K, 0% used [0x00000007b8f00000,0x00000007b8f00000,0x00000007c0000000)
 ParOldGen       total 469504K, used 275481K [0x0000000760000000, 0x000000077ca80000, 0x00000007a0000000)
  object space 469504K, 58% used [0x0000000760000000,0x0000000770d06670,0x000000077ca80000)
 Metaspace       used 102959K, capacity 108098K, committed 108544K, reserved 1142784K
  class space    used 13134K, capacity 14177K, committed 14336K, reserved 1048576K
}
Event: 61.386 GC heap before
{Heap before GC invocations=31 (full 5):
 PSYoungGen      total 408576K, used 407174K [0x00000007a0000000, 0x00000007c0000000, 0x00000007c0000000)
  eden space 308736K, 99% used [0x00000007a0000000,0x00000007b2c79598,0x00000007b2d80000)
  from space 99840K, 99% used [0x00000007b2d80000,0x00000007b8ea8588,0x00000007b8f00000)
  to   space 115712K, 0% used [0x00000007b8f00000,0x00000007b8f00000,0x00000007c0000000)
 ParOldGen       total 469504K, used 277218K [0x0000000760000000, 0x000000077ca80000, 0x00000007a0000000)
  object space 469504K, 59% used [0x0000000760000000,0x0000000770eb8968,0x000000077ca80000)
 Metaspace       used 103916K, capacity 109238K, committed 109440K, reserved 1144832K
  class space    used 13266K, capacity 14359K, committed 14464K, reserved 1048576K
Event: 61.438 GC heap after
Heap after GC invocations=31 (full 5):
 PSYoungGen      total 409088K, used 37254K [0x00000007a0000000, 0x00000007c0000000, 0x00000007c0000000)
  eden space 293376K, 0% used [0x00000007a0000000,0x00000007a0000000,0x00000007b1e80000)
  from space 115712K, 32% used [0x00000007b8f00000,0x00000007bb3619e8,0x00000007c0000000)
  to   space 115200K, 0% used [0x00000007b1e80000,0x00000007b1e80000,0x00000007b8f00000)
 ParOldGen       total 469504K, used 291081K [0x0000000760000000, 0x000000077ca80000, 0x00000007a0000000)
  object space 469504K, 61% used [0x0000000760000000,0x0000000771c42448,0x000000077ca80000)
 Metaspace       used 103916K, capacity 109238K, committed 109440K, reserved 1144832K
  class space    used 13266K, capacity 14359K, committed 14464K, reserved 1048576K
}
Event: 5407.603 GC heap before
{Heap before GC invocations=32 (full 5):
 PSYoungGen      total 409088K, used 330630K [0x00000007a0000000, 0x00000007c0000000, 0x00000007c0000000)
  eden space 293376K, 100% used [0x00000007a0000000,0x00000007b1e80000,0x00000007b1e80000)
  from space 115712K, 32% used [0x00000007b8f00000,0x00000007bb3619e8,0x00000007c0000000)
  to   space 115200K, 0% used [0x00000007b1e80000,0x00000007b1e80000,0x00000007b8f00000)
 ParOldGen       total 469504K, used 291082K [0x0000000760000000, 0x000000077ca80000, 0x00000007a0000000)
  object space 469504K, 61% used [0x0000000760000000,0x0000000771c42b98,0x000000077ca80000)
 Metaspace       used 108863K, capacity 114760K, committed 115072K, reserved 1148928K
  class space    used 13685K, capacity 14852K, committed 14976K, reserved 1048576K
Event: 5407.874 GC heap after
Heap after GC invocations=32 (full 5):
 PSYoungGen      total 344064K, used 50482K [0x00000007a0000000, 0x00000007bf580000, 0x00000007c0000000)
  eden space 293376K, 0% used [0x00000007a0000000,0x00000007a0000000,0x00000007b1e80000)
  from space 50688K, 99% used [0x00000007b1e80000,0x00000007b4fccb28,0x00000007b5000000)
  to   space 110080K, 0% used [0x00000007b8a00000,0x00000007b8a00000,0x00000007bf580000)
 ParOldGen       total 469504K, used 295328K [0x0000000760000000, 0x000000077ca80000, 0x00000007a0000000)
  object space 469504K, 62% used [0x0000000760000000,0x00000007720680f0,0x000000077ca80000)
 Metaspace       used 108863K, capacity 114760K, committed 115072K, reserved 1148928K
  class space    used 13685K, capacity 14852K, committed 14976K, reserved 1048576K
}
Event: 5409.310 GC heap before
{Heap before GC invocations=33 (full 5):
 PSYoungGen      total 344064K, used 343858K [0x00000007a0000000, 0x00000007bf580000, 0x00000007c0000000)
  eden space 293376K, 100% used [0x00000007a0000000,0x00000007b1e80000,0x00000007b1e80000)
  from space 50688K, 99% used [0x00000007b1e80000,0x00000007b4fccb28,0x00000007b5000000)
  to   space 110080K, 0% used [0x00000007b8a00000,0x00000007b8a00000,0x00000007bf580000)
 ParOldGen       total 469504K, used 295328K [0x0000000760000000, 0x000000077ca80000, 0x00000007a0000000)
  object space 469504K, 62% used [0x0000000760000000,0x00000007720680f0,0x000000077ca80000)
 Metaspace       used 108935K, capacity 114824K, committed 115072K, reserved 1148928K
  class space    used 13685K, capacity 14852K, committed 14976K, reserved 1048576K
Event: 5409.430 GC heap after
Heap after GC invocations=33 (full 5):
 PSYoungGen      total 409088K, used 41848K [0x00000007a0000000, 0x00000007c0000000, 0x00000007c0000000)
  eden space 299008K, 0% used [0x00000007a0000000,0x00000007a0000000,0x00000007b2400000)
  from space 110080K, 38% used [0x00000007b8a00000,0x00000007bb2de3c8,0x00000007bf580000)
  to   space 104448K, 0% used [0x00000007b2400000,0x00000007b2400000,0x00000007b8a00000)
 ParOldGen       total 469504K, used 295336K [0x0000000760000000, 0x000000077ca80000, 0x00000007a0000000)
  object space 469504K, 62% used [0x0000000760000000,0x000000077206a0f0,0x000000077ca80000)
 Metaspace       used 108935K, capacity 114824K, committed 115072K, reserved 1148928K
  class space    used 13685K, capacity 14852K, committed 14976K, reserved 1048576K
}
Event: 5411.992 GC heap before
{Heap before GC invocations=34 (full 5):
 PSYoungGen      total 409088K, used 340856K [0x00000007a0000000, 0x00000007c0000000, 0x00000007c0000000)
  eden space 299008K, 100% used [0x00000007a0000000,0x00000007b2400000,0x00000007b2400000)
  from space 110080K, 38% used [0x00000007b8a00000,0x00000007bb2de3c8,0x00000007bf580000)
  to   space 104448K, 0% used [0x00000007b2400000,0x00000007b2400000,0x00000007b8a00000)
 ParOldGen       total 469504K, used 295336K [0x0000000760000000, 0x000000077ca80000, 0x00000007a0000000)
  object space 469504K, 62% used [0x0000000760000000,0x000000077206a0f0,0x000000077ca80000)
 Metaspace       used 110197K, capacity 116248K, committed 116480K, reserved 1150976K
  class space    used 13823K, capacity 15036K, committed 15104K, reserved 1048576K
Event: 5412.078 GC heap after
Heap after GC invocations=34 (full 5):
 PSYoungGen      total 403456K, used 16335K [0x00000007a0000000, 0x00000007bf980000, 0x00000007c0000000)
  eden space 299008K, 0% used [0x00000007a0000000,0x00000007a0000000,0x00000007b2400000)
  from space 104448K, 15% used [0x00000007b2400000,0x00000007b33f3fd0,0x00000007b8a00000)
  to   space 103936K, 0% used [0x00000007b9400000,0x00000007b9400000,0x00000007bf980000)
 ParOldGen       total 469504K, used 321963K [0x0000000760000000, 0x000000077ca80000, 0x00000007a0000000)
  object space 469504K, 68% used [0x0000000760000000,0x0000000773a6af20,0x000000077ca80000)
 Metaspace       used 110197K, capacity 116248K, committed 116480K, reserved 1150976K
  class space    used 13823K, capacity 15036K, committed 15104K, reserved 1048576K
}

