# JRE version: Java(TM) SE Runtime Environment (8.0_211-b12) (build 1.8.0_211-b12)
# Java VM: Java HotSpot(TM) 64-Bit Server VM (25.211-b12 mixed mode bsd-amd64 compressed oops)
Heap:
 PSYoungGen      total 404992K, used 59620K [0x00000007a0000000, 0x00000007bfd80000, 0x00000007c0000000)
  eden space 348160K, 2% used [0x00000007a0000000,0x00000007a09cc950,0x00000007b5400000)
  from space 56832K, 87% used [0x00000007b5400000,0x00000007b846ca38,0x00000007b8b80000)
  to   space 62976K, 0% used [0x00000007bc000000,0x00000007bc000000,0x00000007bfd80000)
 ParOldGen       total 233984K, used 83242K [0x0000000760000000, 0x000000076e480000, 0x00000007a0000000)
  object space 233984K, 35% used [0x0000000760000000,0x000000076514aa00,0x000000076e480000)
 Metaspace       used 95538K, capacity 101510K, committed 101632K, reserved 1136640K
  class space    used 12772K, capacity 13967K, committed 14080K, reserved 1048576K
GC Heap History (10 events):
Event: 806.184 GC heap before
{Heap before GC invocations=19 (full 3):
 PSYoungGen      total 317440K, used 82607K [0x00000007a0000000, 0x00000007b9980000, 0x00000007c0000000)
  eden space 277504K, 18% used [0x00000007a0000000,0x00000007a31ad900,0x00000007b0f00000)
  from space 39936K, 79% used [0x00000007b0f00000,0x00000007b2dfe648,0x00000007b3600000)
  to   space 43008K, 0% used [0x00000007b6f80000,0x00000007b6f80000,0x00000007b9980000)
 ParOldGen       total 153600K, used 88146K [0x0000000760000000, 0x0000000769600000, 0x00000007a0000000)
  object space 153600K, 57% used [0x0000000760000000,0x0000000765614b00,0x0000000769600000)
 Metaspace       used 92837K, capacity 98318K, committed 98380K, reserved 1134592K
  class space    used 12614K, capacity 13769K, committed 13824K, reserved 1048576K
Event: 806.257 GC heap after
Heap after GC invocations=19 (full 3):
 PSYoungGen      total 357888K, used 27639K [0x00000007a0000000, 0x00000007b9180000, 0x00000007c0000000)
  eden space 323072K, 0% used [0x00000007a0000000,0x00000007a0000000,0x00000007b3b80000)
  from space 34816K, 79% used [0x00000007b6f80000,0x00000007b8a7dc28,0x00000007b9180000)
  to   space 44032K, 0% used [0x00000007b3b80000,0x00000007b3b80000,0x00000007b6680000)
 ParOldGen       total 153600K, used 88154K [0x0000000760000000, 0x0000000769600000, 0x00000007a0000000)
  object space 153600K, 57% used [0x0000000760000000,0x0000000765616b00,0x0000000769600000)
 Metaspace       used 92837K, capacity 98318K, committed 98380K, reserved 1134592K
  class space    used 12614K, capacity 13769K, committed 13824K, reserved 1048576K
}
Event: 806.257 GC heap before
{Heap before GC invocations=20 (full 4):
 PSYoungGen      total 357888K, used 27639K [0x00000007a0000000, 0x00000007b9180000, 0x00000007c0000000)
  eden space 323072K, 0% used [0x00000007a0000000,0x00000007a0000000,0x00000007b3b80000)
  from space 34816K, 79% used [0x00000007b6f80000,0x00000007b8a7dc28,0x00000007b9180000)
  to   space 44032K, 0% used [0x00000007b3b80000,0x00000007b3b80000,0x00000007b6680000)
 ParOldGen       total 153600K, used 88154K [0x0000000760000000, 0x0000000769600000, 0x00000007a0000000)
  object space 153600K, 57% used [0x0000000760000000,0x0000000765616b00,0x0000000769600000)
 Metaspace       used 92837K, capacity 98318K, committed 98380K, reserved 1134592K
  class space    used 12614K, capacity 13769K, committed 13824K, reserved 1048576K
Event: 806.675 GC heap after
Heap after GC invocations=20 (full 4):
 PSYoungGen      total 357888K, used 0K [0x00000007a0000000, 0x00000007b9180000, 0x00000007c0000000)
  eden space 323072K, 0% used [0x00000007a0000000,0x00000007a0000000,0x00000007b3b80000)
  from space 34816K, 0% used [0x00000007b6f80000,0x00000007b6f80000,0x00000007b9180000)
  to   space 44032K, 0% used [0x00000007b3b80000,0x00000007b3b80000,0x00000007b6680000)
 ParOldGen       total 233984K, used 72677K [0x0000000760000000, 0x000000076e480000, 0x00000007a0000000)
  object space 233984K, 31% used [0x0000000760000000,0x00000007646f95a0,0x000000076e480000)
 Metaspace       used 91161K, capacity 96026K, committed 98380K, reserved 1134592K
  class space    used 12365K, capacity 13387K, committed 13824K, reserved 1048576K
}
Event: 993.020 GC heap before
{Heap before GC invocations=21 (full 4):
 PSYoungGen      total 357888K, used 323072K [0x00000007a0000000, 0x00000007b9180000, 0x00000007c0000000)
  eden space 323072K, 100% used [0x00000007a0000000,0x00000007b3b80000,0x00000007b3b80000)
  from space 34816K, 0% used [0x00000007b6f80000,0x00000007b6f80000,0x00000007b9180000)
  to   space 44032K, 0% used [0x00000007b3b80000,0x00000007b3b80000,0x00000007b6680000)
 ParOldGen       total 233984K, used 72677K [0x0000000760000000, 0x000000076e480000, 0x00000007a0000000)
  object space 233984K, 31% used [0x0000000760000000,0x00000007646f95a0,0x000000076e480000)
 Metaspace       used 92509K, capacity 98272K, committed 99276K, reserved 1134592K
  class space    used 12504K, capacity 13628K, committed 13952K, reserved 1048576K
Event: 993.075 GC heap after
Heap after GC invocations=21 (full 4):
 PSYoungGen      total 367104K, used 30936K [0x00000007a0000000, 0x00000007bb880000, 0x00000007c0000000)
  eden space 323072K, 0% used [0x00000007a0000000,0x00000007a0000000,0x00000007b3b80000)
  from space 44032K, 70% used [0x00000007b3b80000,0x00000007b59b6020,0x00000007b6680000)
  to   space 46080K, 0% used [0x00000007b8b80000,0x00000007b8b80000,0x00000007bb880000)
 ParOldGen       total 233984K, used 72685K [0x0000000760000000, 0x000000076e480000, 0x00000007a0000000)
  object space 233984K, 31% used [0x0000000760000000,0x00000007646fb5a0,0x000000076e480000)
 Metaspace       used 92509K, capacity 98272K, committed 99276K, reserved 1134592K
  class space    used 12504K, capacity 13628K, committed 13952K, reserved 1048576K
}
Event: 996.721 GC heap before
{Heap before GC invocations=22 (full 4):
 PSYoungGen      total 367104K, used 354008K [0x00000007a0000000, 0x00000007bb880000, 0x00000007c0000000)
  eden space 323072K, 100% used [0x00000007a0000000,0x00000007b3b80000,0x00000007b3b80000)
  from space 44032K, 70% used [0x00000007b3b80000,0x00000007b59b6020,0x00000007b6680000)
  to   space 46080K, 0% used [0x00000007b8b80000,0x00000007b8b80000,0x00000007bb880000)
 ParOldGen       total 233984K, used 72685K [0x0000000760000000, 0x000000076e480000, 0x00000007a0000000)
  object space 233984K, 31% used [0x0000000760000000,0x00000007646fb5a0,0x000000076e480000)
 Metaspace       used 93861K, capacity 99682K, committed 99968K, reserved 1134592K
  class space    used 12622K, capacity 13781K, committed 13952K, reserved 1048576K
Event: 996.869 GC heap after
Heap after GC invocations=22 (full 4):
 PSYoungGen      total 394240K, used 46062K [0x00000007a0000000, 0x00000007bde80000, 0x00000007c0000000)
  eden space 348160K, 0% used [0x00000007a0000000,0x00000007a0000000,0x00000007b5400000)
  from space 46080K, 99% used [0x00000007b8b80000,0x00000007bb87b910,0x00000007bb880000)
  to   space 56832K, 0% used [0x00000007b5400000,0x00000007b5400000,0x00000007b8b80000)
 ParOldGen       total 233984K, used 83234K [0x0000000760000000, 0x000000076e480000, 0x00000007a0000000)
  object space 233984K, 35% used [0x0000000760000000,0x0000000765148a00,0x000000076e480000)
 Metaspace       used 93861K, capacity 99682K, committed 99968K, reserved 1134592K
  class space    used 12622K, capacity 13781K, committed 13952K, reserved 1048576K
}
Event: 8751.676 GC heap before
{Heap before GC invocations=23 (full 4):
 PSYoungGen      total 394240K, used 394222K [0x00000007a0000000, 0x00000007bde80000, 0x00000007c0000000)
  eden space 348160K, 100% used [0x00000007a0000000,0x00000007b5400000,0x00000007b5400000)
  from space 46080K, 99% used [0x00000007b8b80000,0x00000007bb87b910,0x00000007bb880000)
  to   space 56832K, 0% used [0x00000007b5400000,0x00000007b5400000,0x00000007b8b80000)
 ParOldGen       total 233984K, used 83234K [0x0000000760000000, 0x000000076e480000, 0x00000007a0000000)
  object space 233984K, 35% used [0x0000000760000000,0x0000000765148a00,0x000000076e480000)
 Metaspace       used 95506K, capacity 101446K, committed 101632K, reserved 1136640K
  class space    used 12769K, capacity 13967K, committed 14080K, reserved 1048576K
Event: 8751.907 GC heap after
Heap after GC invocations=23 (full 4):
 PSYoungGen      total 404992K, used 49586K [0x00000007a0000000, 0x00000007bfd80000, 0x00000007c0000000)
  eden space 348160K, 0% used [0x00000007a0000000,0x00000007a0000000,0x00000007b5400000)
  from space 56832K, 87% used [0x00000007b5400000,0x00000007b846ca38,0x00000007b8b80000)
  to   space 62976K, 0% used [0x00000007bc000000,0x00000007bc000000,0x00000007bfd80000)
 ParOldGen       total 233984K, used 83242K [0x0000000760000000, 0x000000076e480000, 0x00000007a0000000)
  object space 233984K, 35% used [0x0000000760000000,0x000000076514aa00,0x000000076e480000)
 Metaspace       used 95506K, capacity 101446K, committed 101632K, reserved 1136640K
  class space    used 12769K, capacity 13967K, committed 14080K, reserved 1048576K
}

