# JRE version: Java(TM) SE Runtime Environment (8.0_211-b12) (build 1.8.0_211-b12)
# Java VM: Java HotSpot(TM) 64-Bit Server VM (25.211-b12 mixed mode bsd-amd64 compressed oops)
Heap:
 PSYoungGen      total 384000K, used 46682K [0x00000007a0000000, 0x00000007bde80000, 0x00000007c0000000)
  eden space 331264K, 6% used [0x00000007a0000000,0x00000007a1567978,0x00000007b4380000)
  from space 52736K, 46% used [0x00000007bab00000,0x00000007bc32f050,0x00000007bde80000)
  to   space 79360K, 0% used [0x00000007b4380000,0x00000007b4380000,0x00000007b9100000)
 ParOldGen       total 395264K, used 318282K [0x0000000760000000, 0x0000000778200000, 0x00000007a0000000)
  object space 395264K, 80% used [0x0000000760000000,0x00000007736d2a60,0x0000000778200000)
 Metaspace       used 147387K, capacity 158700K, committed 158848K, reserved 1187840K
  class space    used 18886K, capacity 21017K, committed 21120K, reserved 1048576K
GC Heap History (10 events):
Event: 7549.475 GC heap before
{Heap before GC invocations=50 (full 6):
 PSYoungGen      total 415744K, used 341329K [0x00000007a0000000, 0x00000007bfb00000, 0x00000007c0000000)
  eden space 316416K, 100% used [0x00000007a0000000,0x00000007b3500000,0x00000007b3500000)
  from space 99328K, 25% used [0x00000007b3500000,0x00000007b4d54580,0x00000007b9600000)
  to   space 94208K, 0% used [0x00000007b9f00000,0x00000007b9f00000,0x00000007bfb00000)
 ParOldGen       total 395264K, used 307419K [0x0000000760000000, 0x0000000778200000, 0x00000007a0000000)
  object space 395264K, 77% used [0x0000000760000000,0x0000000772c36df0,0x0000000778200000)
 Metaspace       used 145947K, capacity 156696K, committed 156800K, reserved 1185792K
  class space    used 18747K, capacity 20862K, committed 20864K, reserved 1048576K
Event: 7549.853 GC heap after
Heap after GC invocations=50 (full 6):
 PSYoungGen      total 419840K, used 13454K [0x00000007a0000000, 0x00000007bf600000, 0x00000007c0000000)
  eden space 330752K, 0% used [0x00000007a0000000,0x00000007a0000000,0x00000007b4300000)
  from space 89088K, 15% used [0x00000007b9f00000,0x00000007bac23b78,0x00000007bf600000)
  to   space 91648K, 0% used [0x00000007b4300000,0x00000007b4300000,0x00000007b9c80000)
 ParOldGen       total 395264K, used 316449K [0x0000000760000000, 0x0000000778200000, 0x00000007a0000000)
  object space 395264K, 80% used [0x0000000760000000,0x0000000773508520,0x0000000778200000)
 Metaspace       used 145947K, capacity 156696K, committed 156800K, reserved 1185792K
  class space    used 18747K, capacity 20862K, committed 20864K, reserved 1048576K
}
Event: 7762.504 GC heap before
{Heap before GC invocations=51 (full 6):
 PSYoungGen      total 419840K, used 344206K [0x00000007a0000000, 0x00000007bf600000, 0x00000007c0000000)
  eden space 330752K, 100% used [0x00000007a0000000,0x00000007b4300000,0x00000007b4300000)
  from space 89088K, 15% used [0x00000007b9f00000,0x00000007bac23b78,0x00000007bf600000)
  to   space 91648K, 0% used [0x00000007b4300000,0x00000007b4300000,0x00000007b9c80000)
 ParOldGen       total 395264K, used 316449K [0x0000000760000000, 0x0000000778200000, 0x00000007a0000000)
  object space 395264K, 80% used [0x0000000760000000,0x0000000773508520,0x0000000778200000)
 Metaspace       used 146438K, capacity 157428K, committed 157696K, reserved 1185792K
  class space    used 18805K, capacity 20921K, committed 20992K, reserved 1048576K
Event: 7762.534 GC heap after
Heap after GC invocations=51 (full 6):
 PSYoungGen      total 422400K, used 8498K [0x00000007a0000000, 0x00000007bfd80000, 0x00000007c0000000)
  eden space 330752K, 0% used [0x00000007a0000000,0x00000007a0000000,0x00000007b4300000)
  from space 91648K, 9% used [0x00000007b4300000,0x00000007b4b4caf0,0x00000007b9c80000)
  to   space 89088K, 0% used [0x00000007ba680000,0x00000007ba680000,0x00000007bfd80000)
 ParOldGen       total 395264K, used 318266K [0x0000000760000000, 0x0000000778200000, 0x00000007a0000000)
  object space 395264K, 80% used [0x0000000760000000,0x00000007736cea60,0x0000000778200000)
 Metaspace       used 146438K, capacity 157428K, committed 157696K, reserved 1185792K
  class space    used 18805K, capacity 20921K, committed 20992K, reserved 1048576K
}
Event: 7790.347 GC heap before
{Heap before GC invocations=52 (full 6):
 PSYoungGen      total 422400K, used 339250K [0x00000007a0000000, 0x00000007bfd80000, 0x00000007c0000000)
  eden space 330752K, 100% used [0x00000007a0000000,0x00000007b4300000,0x00000007b4300000)
  from space 91648K, 9% used [0x00000007b4300000,0x00000007b4b4caf0,0x00000007b9c80000)
  to   space 89088K, 0% used [0x00000007ba680000,0x00000007ba680000,0x00000007bfd80000)
 ParOldGen       total 395264K, used 318266K [0x0000000760000000, 0x0000000778200000, 0x00000007a0000000)
  object space 395264K, 80% used [0x0000000760000000,0x00000007736cea60,0x0000000778200000)
 Metaspace       used 146751K, capacity 157802K, committed 157952K, reserved 1185792K
  class space    used 18837K, capacity 20961K, committed 20992K, reserved 1048576K
Event: 7790.358 GC heap after
Heap after GC invocations=52 (full 6):
 PSYoungGen      total 428544K, used 5219K [0x00000007a0000000, 0x00000007bf980000, 0x00000007c0000000)
  eden space 343552K, 0% used [0x00000007a0000000,0x00000007a0000000,0x00000007b4f80000)
  from space 84992K, 6% used [0x00000007ba680000,0x00000007bab98d20,0x00000007bf980000)
  to   space 87040K, 0% used [0x00000007b4f80000,0x00000007b4f80000,0x00000007ba480000)
 ParOldGen       total 395264K, used 318274K [0x0000000760000000, 0x0000000778200000, 0x00000007a0000000)
  object space 395264K, 80% used [0x0000000760000000,0x00000007736d0a60,0x0000000778200000)
 Metaspace       used 146751K, capacity 157802K, committed 157952K, reserved 1185792K
  class space    used 18837K, capacity 20961K, committed 20992K, reserved 1048576K
}
Event: 11340.257 GC heap before
{Heap before GC invocations=53 (full 6):
 PSYoungGen      total 428544K, used 348771K [0x00000007a0000000, 0x00000007bf980000, 0x00000007c0000000)
  eden space 343552K, 100% used [0x00000007a0000000,0x00000007b4f80000,0x00000007b4f80000)
  from space 84992K, 6% used [0x00000007ba680000,0x00000007bab98d20,0x00000007bf980000)
  to   space 87040K, 0% used [0x00000007b4f80000,0x00000007b4f80000,0x00000007ba480000)
 ParOldGen       total 395264K, used 318274K [0x0000000760000000, 0x0000000778200000, 0x00000007a0000000)
  object space 395264K, 80% used [0x0000000760000000,0x00000007736d0a60,0x0000000778200000)
 Metaspace       used 146864K, capacity 157948K, committed 158208K, reserved 1185792K
  class space    used 18839K, capacity 20962K, committed 20992K, reserved 1048576K
Event: 11340.382 GC heap after
Heap after GC invocations=53 (full 6):
 PSYoungGen      total 430592K, used 3106K [0x00000007a0000000, 0x00000007bfe00000, 0x00000007c0000000)
  eden space 343552K, 0% used [0x00000007a0000000,0x00000007a0000000,0x00000007b4f80000)
  from space 87040K, 3% used [0x00000007b4f80000,0x00000007b52888c0,0x00000007ba480000)
  to   space 84992K, 0% used [0x00000007bab00000,0x00000007bab00000,0x00000007bfe00000)
 ParOldGen       total 395264K, used 318274K [0x0000000760000000, 0x0000000778200000, 0x00000007a0000000)
  object space 395264K, 80% used [0x0000000760000000,0x00000007736d0a60,0x0000000778200000)
 Metaspace       used 146864K, capacity 157948K, committed 158208K, reserved 1185792K
  class space    used 18839K, capacity 20962K, committed 20992K, reserved 1048576K
}
Event: 16761.267 GC heap before
{Heap before GC invocations=54 (full 6):
 PSYoungGen      total 430592K, used 346658K [0x00000007a0000000, 0x00000007bfe00000, 0x00000007c0000000)
  eden space 343552K, 100% used [0x00000007a0000000,0x00000007b4f80000,0x00000007b4f80000)
  from space 87040K, 3% used [0x00000007b4f80000,0x00000007b52888c0,0x00000007ba480000)
  to   space 84992K, 0% used [0x00000007bab00000,0x00000007bab00000,0x00000007bfe00000)
 ParOldGen       total 395264K, used 318274K [0x0000000760000000, 0x0000000778200000, 0x00000007a0000000)
  object space 395264K, 80% used [0x0000000760000000,0x00000007736d0a60,0x0000000778200000)
 Metaspace       used 147357K, capacity 158700K, committed 158848K, reserved 1187840K
  class space    used 18886K, capacity 21017K, committed 21120K, reserved 1048576K
Event: 16761.512 GC heap after
Heap after GC invocations=54 (full 6):
 PSYoungGen      total 384000K, used 24764K [0x00000007a0000000, 0x00000007bde80000, 0x00000007c0000000)
  eden space 331264K, 0% used [0x00000007a0000000,0x00000007a0000000,0x00000007b4380000)
  from space 52736K, 46% used [0x00000007bab00000,0x00000007bc32f050,0x00000007bde80000)
  to   space 79360K, 0% used [0x00000007b4380000,0x00000007b4380000,0x00000007b9100000)
 ParOldGen       total 395264K, used 318282K [0x0000000760000000, 0x0000000778200000, 0x00000007a0000000)
  object space 395264K, 80% used [0x0000000760000000,0x00000007736d2a60,0x0000000778200000)
 Metaspace       used 147357K, capacity 158700K, committed 158848K, reserved 1187840K
  class space    used 18886K, capacity 21017K, committed 21120K, reserved 1048576K
}

