# JRE version: Java(TM) SE Runtime Environment (8.0_211-b12) (build 1.8.0_211-b12)
# Java VM: Java HotSpot(TM) 64-Bit Server VM (25.211-b12 mixed mode bsd-amd64 compressed oops)
Heap:
 PSYoungGen      total 424960K, used 378350K [0x00000007a0000000, 0x00000007c0000000, 0x00000007c0000000)
  eden space 340992K, 89% used [0x00000007a0000000,0x00000007b28b76b8,0x00000007b4d00000)
  from space 83968K, 88% used [0x00000007bae00000,0x00000007bf6c4338,0x00000007c0000000)
  to   space 91648K, 0% used [0x00000007b4d00000,0x00000007b4d00000,0x00000007ba680000)
 ParOldGen       total 260608K, used 115953K [0x0000000760000000, 0x000000076fe80000, 0x00000007a0000000)
  object space 260608K, 44% used [0x0000000760000000,0x000000076713c6f0,0x000000076fe80000)
 Metaspace       used 109376K, capacity 119106K, committed 119424K, reserved 1153024K
  class space    used 14118K, capacity 16163K, committed 16256K, reserved 1048576K
GC Heap History (10 events):
Event: 17079.530 GC heap before
{Heap before GC invocations=42 (full 4):
 PSYoungGen      total 454144K, used 427301K [0x00000007a0000000, 0x00000007bfc00000, 0x00000007c0000000)
  eden space 390144K, 100% used [0x00000007a0000000,0x00000007b7d00000,0x00000007b7d00000)
  from space 64000K, 58% used [0x00000007b7d00000,0x00000007ba149650,0x00000007bbb80000)
  to   space 62464K, 0% used [0x00000007bbf00000,0x00000007bbf00000,0x00000007bfc00000)
 ParOldGen       total 260608K, used 109436K [0x0000000760000000, 0x000000076fe80000, 0x00000007a0000000)
  object space 260608K, 41% used [0x0000000760000000,0x0000000766adf0e8,0x000000076fe80000)
 Metaspace       used 106374K, capacity 115798K, committed 115968K, reserved 1148928K
  class space    used 13787K, capacity 15749K, committed 15872K, reserved 1048576K
Event: 17080.009 GC heap after
Heap after GC invocations=42 (full 4):
 PSYoungGen      total 458240K, used 30397K [0x00000007a0000000, 0x00000007bfa80000, 0x00000007c0000000)
  eden space 397312K, 0% used [0x00000007a0000000,0x00000007a0000000,0x00000007b8400000)
  from space 60928K, 49% used [0x00000007bbf00000,0x00000007bdcaf458,0x00000007bfa80000)
  to   space 60416K, 0% used [0x00000007b8400000,0x00000007b8400000,0x00000007bbf00000)
 ParOldGen       total 260608K, used 109548K [0x0000000760000000, 0x000000076fe80000, 0x00000007a0000000)
  object space 260608K, 42% used [0x0000000760000000,0x0000000766afb0e8,0x000000076fe80000)
 Metaspace       used 106374K, capacity 115798K, committed 115968K, reserved 1148928K
  class space    used 13787K, capacity 15749K, committed 15872K, reserved 1048576K
}
Event: 17088.284 GC heap before
{Heap before GC invocations=43 (full 4):
 PSYoungGen      total 458240K, used 427709K [0x00000007a0000000, 0x00000007bfa80000, 0x00000007c0000000)
  eden space 397312K, 100% used [0x00000007a0000000,0x00000007b8400000,0x00000007b8400000)
  from space 60928K, 49% used [0x00000007bbf00000,0x00000007bdcaf458,0x00000007bfa80000)
  to   space 60416K, 0% used [0x00000007b8400000,0x00000007b8400000,0x00000007bbf00000)
 ParOldGen       total 260608K, used 109548K [0x0000000760000000, 0x000000076fe80000, 0x00000007a0000000)
  object space 260608K, 42% used [0x0000000760000000,0x0000000766afb0e8,0x000000076fe80000)
 Metaspace       used 108944K, capacity 118592K, committed 118784K, reserved 1153024K
  class space    used 14054K, capacity 16090K, committed 16128K, reserved 1048576K
Event: 17088.479 GC heap after
Heap after GC invocations=43 (full 4):
 PSYoungGen      total 457728K, used 60386K [0x00000007a0000000, 0x00000007c0000000, 0x00000007c0000000)
  eden space 397312K, 0% used [0x00000007a0000000,0x00000007a0000000,0x00000007b8400000)
  from space 60416K, 99% used [0x00000007b8400000,0x00000007bbef8be8,0x00000007bbf00000)
  to   space 66560K, 0% used [0x00000007bbf00000,0x00000007bbf00000,0x00000007c0000000)
 ParOldGen       total 260608K, used 113868K [0x0000000760000000, 0x000000076fe80000, 0x00000007a0000000)
  object space 260608K, 43% used [0x0000000760000000,0x0000000766f33080,0x000000076fe80000)
 Metaspace       used 108944K, capacity 118592K, committed 118784K, reserved 1153024K
  class space    used 14054K, capacity 16090K, committed 16128K, reserved 1048576K
}
Event: 17090.033 GC heap before
{Heap before GC invocations=44 (full 4):
 PSYoungGen      total 457728K, used 457698K [0x00000007a0000000, 0x00000007c0000000, 0x00000007c0000000)
  eden space 397312K, 100% used [0x00000007a0000000,0x00000007b8400000,0x00000007b8400000)
  from space 60416K, 99% used [0x00000007b8400000,0x00000007bbef8be8,0x00000007bbf00000)
  to   space 66560K, 0% used [0x00000007bbf00000,0x00000007bbf00000,0x00000007c0000000)
 ParOldGen       total 260608K, used 113868K [0x0000000760000000, 0x000000076fe80000, 0x00000007a0000000)
  object space 260608K, 43% used [0x0000000760000000,0x0000000766f33080,0x000000076fe80000)
 Metaspace       used 109177K, capacity 118868K, committed 119168K, reserved 1153024K
  class space    used 14103K, capacity 16158K, committed 16256K, reserved 1048576K
Event: 17090.160 GC heap after
Heap after GC invocations=44 (full 4):
 PSYoungGen      total 436224K, used 66540K [0x00000007a0000000, 0x00000007c0000000, 0x00000007c0000000)
  eden space 369664K, 0% used [0x00000007a0000000,0x00000007a0000000,0x00000007b6900000)
  from space 66560K, 99% used [0x00000007bbf00000,0x00000007bfffb3e8,0x00000007c0000000)
  to   space 77312K, 0% used [0x00000007b6900000,0x00000007b6900000,0x00000007bb480000)
 ParOldGen       total 260608K, used 115342K [0x0000000760000000, 0x000000076fe80000, 0x00000007a0000000)
  object space 260608K, 44% used [0x0000000760000000,0x00000007670a3900,0x000000076fe80000)
 Metaspace       used 109177K, capacity 118868K, committed 119168K, reserved 1153024K
  class space    used 14103K, capacity 16158K, committed 16256K, reserved 1048576K
}
Event: 17091.588 GC heap before
{Heap before GC invocations=45 (full 4):
 PSYoungGen      total 436224K, used 436204K [0x00000007a0000000, 0x00000007c0000000, 0x00000007c0000000)
  eden space 369664K, 100% used [0x00000007a0000000,0x00000007b6900000,0x00000007b6900000)
  from space 66560K, 99% used [0x00000007bbf00000,0x00000007bfffb3e8,0x00000007c0000000)
  to   space 77312K, 0% used [0x00000007b6900000,0x00000007b6900000,0x00000007bb480000)
 ParOldGen       total 260608K, used 115342K [0x0000000760000000, 0x000000076fe80000, 0x00000007a0000000)
  object space 260608K, 44% used [0x0000000760000000,0x00000007670a3900,0x000000076fe80000)
 Metaspace       used 109340K, capacity 119018K, committed 119168K, reserved 1153024K
  class space    used 14116K, capacity 16161K, committed 16256K, reserved 1048576K
Event: 17091.658 GC heap after
Heap after GC invocations=45 (full 4):
 PSYoungGen      total 438272K, used 68429K [0x00000007a0000000, 0x00000007c0000000, 0x00000007c0000000)
  eden space 369664K, 0% used [0x00000007a0000000,0x00000007a0000000,0x00000007b6900000)
  from space 68608K, 99% used [0x00000007b6900000,0x00000007babd3618,0x00000007bac00000)
  to   space 83968K, 0% used [0x00000007bae00000,0x00000007bae00000,0x00000007c0000000)
 ParOldGen       total 260608K, used 115726K [0x0000000760000000, 0x000000076fe80000, 0x00000007a0000000)
  object space 260608K, 44% used [0x0000000760000000,0x0000000767103900,0x000000076fe80000)
 Metaspace       used 109340K, capacity 119018K, committed 119168K, reserved 1153024K
  class space    used 14116K, capacity 16161K, committed 16256K, reserved 1048576K
}
Event: 17092.955 GC heap before
{Heap before GC invocations=46 (full 4):
 PSYoungGen      total 438272K, used 438093K [0x00000007a0000000, 0x00000007c0000000, 0x00000007c0000000)
  eden space 369664K, 100% used [0x00000007a0000000,0x00000007b6900000,0x00000007b6900000)
  from space 68608K, 99% used [0x00000007b6900000,0x00000007babd3618,0x00000007bac00000)
  to   space 83968K, 0% used [0x00000007bae00000,0x00000007bae00000,0x00000007c0000000)
 ParOldGen       total 260608K, used 115726K [0x0000000760000000, 0x000000076fe80000, 0x00000007a0000000)
  object space 260608K, 44% used [0x0000000760000000,0x0000000767103900,0x000000076fe80000)
 Metaspace       used 109363K, capacity 119032K, committed 119168K, reserved 1153024K
  class space    used 14117K, capacity 16162K, committed 16256K, reserved 1048576K
Event: 17093.020 GC heap after
Heap after GC invocations=46 (full 4):
 PSYoungGen      total 424960K, used 74512K [0x00000007a0000000, 0x00000007c0000000, 0x00000007c0000000)
  eden space 340992K, 0% used [0x00000007a0000000,0x00000007a0000000,0x00000007b4d00000)
  from space 83968K, 88% used [0x00000007bae00000,0x00000007bf6c4338,0x00000007c0000000)
  to   space 91648K, 0% used [0x00000007b4d00000,0x00000007b4d00000,0x00000007ba680000)
 ParOldGen       total 260608K, used 115953K [0x0000000760000000, 0x000000076fe80000, 0x00000007a0000000)
  object space 260608K, 44% used [0x0000000760000000,0x000000076713c6f0,0x000000076fe80000)
 Metaspace       used 109363K, capacity 119032K, committed 119168K, reserved 1153024K
  class space    used 14117K, capacity 16162K, committed 16256K, reserved 1048576K
}

