# JRE version: Java(TM) SE Runtime Environment (8.0_211-b12) (build 1.8.0_211-b12)
# Java VM: Java HotSpot(TM) 64-Bit Server VM (25.211-b12 mixed mode bsd-amd64 compressed oops)
Heap:
 PSYoungGen      total 138240K, used 10284K [0x00000007a0000000, 0x00000007ae480000, 0x00000007c0000000)
  eden space 133120K, 3% used [0x00000007a0000000,0x00000007a050f1b8,0x00000007a8200000)
  from space 5120K, 99% used [0x00000007a8200000,0x00000007a86fc010,0x00000007a8700000)
  to   space 15872K, 0% used [0x00000007ad500000,0x00000007ad500000,0x00000007ae480000)
 ParOldGen       total 69120K, used 18871K [0x0000000760000000, 0x0000000764380000, 0x00000007a0000000)
  object space 69120K, 27% used [0x0000000760000000,0x000000076126dc30,0x0000000764380000)
 Metaspace       used 32027K, capacity 32630K, committed 32896K, reserved 1077248K
  class space    used 4504K, capacity 4722K, committed 4736K, reserved 1048576K
GC Heap History (10 events):
Event: 1.210 GC heap before
{Heap before GC invocations=2 (full 0):
 PSYoungGen      total 38400K, used 37627K [0x00000007a0000000, 0x00000007a4b00000, 0x00000007c0000000)
  eden space 33280K, 100% used [0x00000007a0000000,0x00000007a2080000,0x00000007a2080000)
  from space 5120K, 84% used [0x00000007a2080000,0x00000007a24bed38,0x00000007a2580000)
  to   space 5120K, 0% used [0x00000007a4600000,0x00000007a4600000,0x00000007a4b00000)
 ParOldGen       total 87552K, used 8K [0x0000000760000000, 0x0000000765580000, 0x00000007a0000000)
  object space 87552K, 0% used [0x0000000760000000,0x0000000760002000,0x0000000765580000)
 Metaspace       used 8776K, capacity 9078K, committed 9216K, reserved 1056768K
  class space    used 1165K, capacity 1241K, committed 1280K, reserved 1048576K
Event: 1.215 GC heap after
Heap after GC invocations=2 (full 0):
 PSYoungGen      total 71680K, used 4525K [0x00000007a0000000, 0x00000007a4b00000, 0x00000007c0000000)
  eden space 66560K, 0% used [0x00000007a0000000,0x00000007a0000000,0x00000007a4100000)
  from space 5120K, 88% used [0x00000007a4600000,0x00000007a4a6b6f0,0x00000007a4b00000)
  to   space 5120K, 0% used [0x00000007a4100000,0x00000007a4100000,0x00000007a4600000)
 ParOldGen       total 87552K, used 16K [0x0000000760000000, 0x0000000765580000, 0x00000007a0000000)
  object space 87552K, 0% used [0x0000000760000000,0x0000000760004000,0x0000000765580000)
 Metaspace       used 8776K, capacity 9078K, committed 9216K, reserved 1056768K
  class space    used 1165K, capacity 1241K, committed 1280K, reserved 1048576K
}
Event: 2.294 GC heap before
{Heap before GC invocations=3 (full 0):
 PSYoungGen      total 71680K, used 71085K [0x00000007a0000000, 0x00000007a4b00000, 0x00000007c0000000)
  eden space 66560K, 100% used [0x00000007a0000000,0x00000007a4100000,0x00000007a4100000)
  from space 5120K, 88% used [0x00000007a4600000,0x00000007a4a6b6f0,0x00000007a4b00000)
  to   space 5120K, 0% used [0x00000007a4100000,0x00000007a4100000,0x00000007a4600000)
 ParOldGen       total 87552K, used 16K [0x0000000760000000, 0x0000000765580000, 0x00000007a0000000)
  object space 87552K, 0% used [0x0000000760000000,0x0000000760004000,0x0000000765580000)
 Metaspace       used 15477K, capacity 15960K, committed 16256K, reserved 1062912K
  class space    used 2243K, capacity 2406K, committed 2432K, reserved 1048576K
Event: 2.313 GC heap after
Heap after GC invocations=3 (full 0):
 PSYoungGen      total 71680K, used 5104K [0x00000007a0000000, 0x00000007a8c00000, 0x00000007c0000000)
  eden space 66560K, 0% used [0x00000007a0000000,0x00000007a0000000,0x00000007a4100000)
  from space 5120K, 99% used [0x00000007a4100000,0x00000007a45fc030,0x00000007a4600000)
  to   space 5120K, 0% used [0x00000007a8700000,0x00000007a8700000,0x00000007a8c00000)
 ParOldGen       total 87552K, used 4796K [0x0000000760000000, 0x0000000765580000, 0x00000007a0000000)
  object space 87552K, 5% used [0x0000000760000000,0x00000007604af060,0x0000000765580000)
 Metaspace       used 15477K, capacity 15960K, committed 16256K, reserved 1062912K
  class space    used 2243K, capacity 2406K, committed 2432K, reserved 1048576K
}
Event: 3.348 GC heap before
{Heap before GC invocations=4 (full 0):
 PSYoungGen      total 71680K, used 59730K [0x00000007a0000000, 0x00000007a8c00000, 0x00000007c0000000)
  eden space 66560K, 82% used [0x00000007a0000000,0x00000007a3558b00,0x00000007a4100000)
  from space 5120K, 99% used [0x00000007a4100000,0x00000007a45fc030,0x00000007a4600000)
  to   space 5120K, 0% used [0x00000007a8700000,0x00000007a8700000,0x00000007a8c00000)
 ParOldGen       total 87552K, used 4796K [0x0000000760000000, 0x0000000765580000, 0x00000007a0000000)
  object space 87552K, 5% used [0x0000000760000000,0x00000007604af060,0x0000000765580000)
 Metaspace       used 20548K, capacity 21116K, committed 21248K, reserved 1067008K
  class space    used 3050K, capacity 3260K, committed 3328K, reserved 1048576K
Event: 3.365 GC heap after
Heap after GC invocations=4 (full 0):
 PSYoungGen      total 138240K, used 5104K [0x00000007a0000000, 0x00000007a8c00000, 0x00000007c0000000)
  eden space 133120K, 0% used [0x00000007a0000000,0x00000007a0000000,0x00000007a8200000)
  from space 5120K, 99% used [0x00000007a8700000,0x00000007a8bfc040,0x00000007a8c00000)
  to   space 5120K, 0% used [0x00000007a8200000,0x00000007a8200000,0x00000007a8700000)
 ParOldGen       total 87552K, used 11216K [0x0000000760000000, 0x0000000765580000, 0x00000007a0000000)
  object space 87552K, 12% used [0x0000000760000000,0x0000000760af4200,0x0000000765580000)
 Metaspace       used 20548K, capacity 21116K, committed 21248K, reserved 1067008K
  class space    used 3050K, capacity 3260K, committed 3328K, reserved 1048576K
}
Event: 3.365 GC heap before
{Heap before GC invocations=5 (full 1):
 PSYoungGen      total 138240K, used 5104K [0x00000007a0000000, 0x00000007a8c00000, 0x00000007c0000000)
  eden space 133120K, 0% used [0x00000007a0000000,0x00000007a0000000,0x00000007a8200000)
  from space 5120K, 99% used [0x00000007a8700000,0x00000007a8bfc040,0x00000007a8c00000)
  to   space 5120K, 0% used [0x00000007a8200000,0x00000007a8200000,0x00000007a8700000)
 ParOldGen       total 87552K, used 11216K [0x0000000760000000, 0x0000000765580000, 0x00000007a0000000)
  object space 87552K, 12% used [0x0000000760000000,0x0000000760af4200,0x0000000765580000)
 Metaspace       used 20548K, capacity 21116K, committed 21248K, reserved 1067008K
  class space    used 3050K, capacity 3260K, committed 3328K, reserved 1048576K
Event: 3.410 GC heap after
Heap after GC invocations=5 (full 1):
 PSYoungGen      total 138240K, used 0K [0x00000007a0000000, 0x00000007a8c00000, 0x00000007c0000000)
  eden space 133120K, 0% used [0x00000007a0000000,0x00000007a0000000,0x00000007a8200000)
  from space 5120K, 0% used [0x00000007a8700000,0x00000007a8700000,0x00000007a8c00000)
  to   space 5120K, 0% used [0x00000007a8200000,0x00000007a8200000,0x00000007a8700000)
 ParOldGen       total 69120K, used 11246K [0x0000000760000000, 0x0000000764380000, 0x00000007a0000000)
  object space 69120K, 16% used [0x0000000760000000,0x0000000760afbb50,0x0000000764380000)
 Metaspace       used 20548K, capacity 21116K, committed 21248K, reserved 1067008K
  class space    used 3050K, capacity 3260K, committed 3328K, reserved 1048576K
}
Event: 5.449 GC heap before
{Heap before GC invocations=6 (full 1):
 PSYoungGen      total 138240K, used 133120K [0x00000007a0000000, 0x00000007a8c00000, 0x00000007c0000000)
  eden space 133120K, 100% used [0x00000007a0000000,0x00000007a8200000,0x00000007a8200000)
  from space 5120K, 0% used [0x00000007a8700000,0x00000007a8700000,0x00000007a8c00000)
  to   space 5120K, 0% used [0x00000007a8200000,0x00000007a8200000,0x00000007a8700000)
 ParOldGen       total 69120K, used 11246K [0x0000000760000000, 0x0000000764380000, 0x00000007a0000000)
  object space 69120K, 16% used [0x0000000760000000,0x0000000760afbb50,0x0000000764380000)
 Metaspace       used 31862K, capacity 32470K, committed 32640K, reserved 1077248K
  class space    used 4483K, capacity 4690K, committed 4736K, reserved 1048576K
Event: 5.477 GC heap after
Heap after GC invocations=6 (full 1):
 PSYoungGen      total 138240K, used 5104K [0x00000007a0000000, 0x00000007ae480000, 0x00000007c0000000)
  eden space 133120K, 0% used [0x00000007a0000000,0x00000007a0000000,0x00000007a8200000)
  from space 5120K, 99% used [0x00000007a8200000,0x00000007a86fc010,0x00000007a8700000)
  to   space 15872K, 0% used [0x00000007ad500000,0x00000007ad500000,0x00000007ae480000)
 ParOldGen       total 69120K, used 18871K [0x0000000760000000, 0x0000000764380000, 0x00000007a0000000)
  object space 69120K, 27% used [0x0000000760000000,0x000000076126dc30,0x0000000764380000)
 Metaspace       used 31862K, capacity 32470K, committed 32640K, reserved 1077248K
  class space    used 4483K, capacity 4690K, committed 4736K, reserved 1048576K
}

