# JRE version: Java(TM) SE Runtime Environment (8.0_211-b12) (build 1.8.0_211-b12)
# Java VM: Java HotSpot(TM) 64-Bit Server VM (25.211-b12 mixed mode bsd-amd64 compressed oops)
Heap:
 PSYoungGen      total 442880K, used 278915K [0x00000007a0000000, 0x00000007c0000000, 0x00000007c0000000)
  eden space 361472K, 69% used [0x00000007a0000000,0x00000007af6dfce0,0x00000007b6100000)
  from space 81408K, 32% used [0x00000007b6100000,0x00000007b7a81260,0x00000007bb080000)
  to   space 77824K, 0% used [0x00000007bb400000,0x00000007bb400000,0x00000007c0000000)
 ParOldGen       total 292864K, used 99468K [0x0000000760000000, 0x0000000771e00000, 0x00000007a0000000)
  object space 292864K, 33% used [0x0000000760000000,0x00000007661231d0,0x0000000771e00000)
 Metaspace       used 94413K, capacity 100424K, committed 100608K, reserved 1136640K
  class space    used 12500K, capacity 13772K, committed 13824K, reserved 1048576K
GC Heap History (10 events):
Event: 156.042 GC heap before
{Heap before GC invocations=15 (full 3):
 PSYoungGen      total 348160K, used 348141K [0x00000007a0000000, 0x00000007bd800000, 0x00000007c0000000)
  eden space 305664K, 100% used [0x00000007a0000000,0x00000007b2a80000,0x00000007b2a80000)
  from space 42496K, 99% used [0x00000007b2a80000,0x00000007b53fb700,0x00000007b5400000)
  to   space 64512K, 0% used [0x00000007b9900000,0x00000007b9900000,0x00000007bd800000)
 ParOldGen       total 163840K, used 98333K [0x0000000760000000, 0x000000076a000000, 0x00000007a0000000)
  object space 163840K, 60% used [0x0000000760000000,0x0000000766007668,0x000000076a000000)
 Metaspace       used 87925K, capacity 93084K, committed 93184K, reserved 1130496K
  class space    used 11870K, capacity 13002K, committed 13056K, reserved 1048576K
Event: 156.236 GC heap after
Heap after GC invocations=15 (full 3):
 PSYoungGen      total 419328K, used 33785K [0x00000007a0000000, 0x00000007bda80000, 0x00000007c0000000)
  eden space 354816K, 0% used [0x00000007a0000000,0x00000007a0000000,0x00000007b5a80000)
  from space 64512K, 52% used [0x00000007b9900000,0x00000007bb9fe7f0,0x00000007bd800000)
  to   space 64000K, 0% used [0x00000007b5a80000,0x00000007b5a80000,0x00000007b9900000)
 ParOldGen       total 163840K, used 137712K [0x0000000760000000, 0x000000076a000000, 0x00000007a0000000)
  object space 163840K, 84% used [0x0000000760000000,0x000000076867c238,0x000000076a000000)
 Metaspace       used 87925K, capacity 93084K, committed 93184K, reserved 1130496K
  class space    used 11870K, capacity 13002K, committed 13056K, reserved 1048576K
}
Event: 156.236 GC heap before
{Heap before GC invocations=16 (full 4):
 PSYoungGen      total 419328K, used 33785K [0x00000007a0000000, 0x00000007bda80000, 0x00000007c0000000)
  eden space 354816K, 0% used [0x00000007a0000000,0x00000007a0000000,0x00000007b5a80000)
  from space 64512K, 52% used [0x00000007b9900000,0x00000007bb9fe7f0,0x00000007bd800000)
  to   space 64000K, 0% used [0x00000007b5a80000,0x00000007b5a80000,0x00000007b9900000)
 ParOldGen       total 163840K, used 137712K [0x0000000760000000, 0x000000076a000000, 0x00000007a0000000)
  object space 163840K, 84% used [0x0000000760000000,0x000000076867c238,0x000000076a000000)
 Metaspace       used 87925K, capacity 93084K, committed 93184K, reserved 1130496K
  class space    used 11870K, capacity 13002K, committed 13056K, reserved 1048576K
Event: 156.844 GC heap after
Heap after GC invocations=16 (full 4):
 PSYoungGen      total 419328K, used 0K [0x00000007a0000000, 0x00000007bda80000, 0x00000007c0000000)
  eden space 354816K, 0% used [0x00000007a0000000,0x00000007a0000000,0x00000007b5a80000)
  from space 64512K, 0% used [0x00000007b9900000,0x00000007b9900000,0x00000007bd800000)
  to   space 64000K, 0% used [0x00000007b5a80000,0x00000007b5a80000,0x00000007b9900000)
 ParOldGen       total 292864K, used 99444K [0x0000000760000000, 0x0000000771e00000, 0x00000007a0000000)
  object space 292864K, 33% used [0x0000000760000000,0x000000076611d1d0,0x0000000771e00000)
 Metaspace       used 87499K, capacity 92396K, committed 93184K, reserved 1130496K
  class space    used 11796K, capacity 12874K, committed 13056K, reserved 1048576K
}
Event: 211.563 GC heap before
{Heap before GC invocations=17 (full 4):
 PSYoungGen      total 419328K, used 354816K [0x00000007a0000000, 0x00000007bda80000, 0x00000007c0000000)
  eden space 354816K, 100% used [0x00000007a0000000,0x00000007b5a80000,0x00000007b5a80000)
  from space 64512K, 0% used [0x00000007b9900000,0x00000007b9900000,0x00000007bd800000)
  to   space 64000K, 0% used [0x00000007b5a80000,0x00000007b5a80000,0x00000007b9900000)
 ParOldGen       total 292864K, used 99444K [0x0000000760000000, 0x0000000771e00000, 0x00000007a0000000)
  object space 292864K, 33% used [0x0000000760000000,0x000000076611d1d0,0x0000000771e00000)
 Metaspace       used 91179K, capacity 96790K, committed 96896K, reserved 1132544K
  class space    used 12237K, capacity 13423K, committed 13440K, reserved 1048576K
Event: 211.661 GC heap after
Heap after GC invocations=17 (full 4):
 PSYoungGen      total 418816K, used 59140K [0x00000007a0000000, 0x00000007c0000000, 0x00000007c0000000)
  eden space 354816K, 0% used [0x00000007a0000000,0x00000007a0000000,0x00000007b5a80000)
  from space 64000K, 92% used [0x00000007b5a80000,0x00000007b9441008,0x00000007b9900000)
  to   space 72704K, 0% used [0x00000007bb900000,0x00000007bb900000,0x00000007c0000000)
 ParOldGen       total 292864K, used 99452K [0x0000000760000000, 0x0000000771e00000, 0x00000007a0000000)
  object space 292864K, 33% used [0x0000000760000000,0x000000076611f1d0,0x0000000771e00000)
 Metaspace       used 91179K, capacity 96790K, committed 96896K, reserved 1132544K
  class space    used 12237K, capacity 13423K, committed 13440K, reserved 1048576K
}
Event: 281.534 GC heap before
{Heap before GC invocations=18 (full 4):
 PSYoungGen      total 418816K, used 413956K [0x00000007a0000000, 0x00000007c0000000, 0x00000007c0000000)
  eden space 354816K, 100% used [0x00000007a0000000,0x00000007b5a80000,0x00000007b5a80000)
  from space 64000K, 92% used [0x00000007b5a80000,0x00000007b9441008,0x00000007b9900000)
  to   space 72704K, 0% used [0x00000007bb900000,0x00000007bb900000,0x00000007c0000000)
 ParOldGen       total 292864K, used 99452K [0x0000000760000000, 0x0000000771e00000, 0x00000007a0000000)
  object space 292864K, 33% used [0x0000000760000000,0x000000076611f1d0,0x0000000771e00000)
 Metaspace       used 92332K, capacity 98178K, committed 98432K, reserved 1134592K
  class space    used 12338K, capacity 13609K, committed 13696K, reserved 1048576K
Event: 281.641 GC heap after
Heap after GC invocations=18 (full 4):
 PSYoungGen      total 434176K, used 63917K [0x00000007a0000000, 0x00000007c0000000, 0x00000007c0000000)
  eden space 361472K, 0% used [0x00000007a0000000,0x00000007a0000000,0x00000007b6100000)
  from space 72704K, 87% used [0x00000007bb900000,0x00000007bf76b420,0x00000007c0000000)
  to   space 81408K, 0% used [0x00000007b6100000,0x00000007b6100000,0x00000007bb080000)
 ParOldGen       total 292864K, used 99460K [0x0000000760000000, 0x0000000771e00000, 0x00000007a0000000)
  object space 292864K, 33% used [0x0000000760000000,0x00000007661211d0,0x0000000771e00000)
 Metaspace       used 92332K, capacity 98178K, committed 98432K, reserved 1134592K
  class space    used 12338K, capacity 13609K, committed 13696K, reserved 1048576K
}
Event: 881.199 GC heap before
{Heap before GC invocations=19 (full 4):
 PSYoungGen      total 434176K, used 425389K [0x00000007a0000000, 0x00000007c0000000, 0x00000007c0000000)
  eden space 361472K, 100% used [0x00000007a0000000,0x00000007b6100000,0x00000007b6100000)
  from space 72704K, 87% used [0x00000007bb900000,0x00000007bf76b420,0x00000007c0000000)
  to   space 81408K, 0% used [0x00000007b6100000,0x00000007b6100000,0x00000007bb080000)
 ParOldGen       total 292864K, used 99460K [0x0000000760000000, 0x0000000771e00000, 0x00000007a0000000)
  object space 292864K, 33% used [0x0000000760000000,0x00000007661211d0,0x0000000771e00000)
 Metaspace       used 93403K, capacity 99386K, committed 99584K, reserved 1134592K
  class space    used 12423K, capacity 13705K, committed 13824K, reserved 1048576K
Event: 881.243 GC heap after
Heap after GC invocations=19 (full 4):
 PSYoungGen      total 442880K, used 26116K [0x00000007a0000000, 0x00000007c0000000, 0x00000007c0000000)
  eden space 361472K, 0% used [0x00000007a0000000,0x00000007a0000000,0x00000007b6100000)
  from space 81408K, 32% used [0x00000007b6100000,0x00000007b7a81260,0x00000007bb080000)
  to   space 77824K, 0% used [0x00000007bb400000,0x00000007bb400000,0x00000007c0000000)
 ParOldGen       total 292864K, used 99468K [0x0000000760000000, 0x0000000771e00000, 0x00000007a0000000)
  object space 292864K, 33% used [0x0000000760000000,0x00000007661231d0,0x0000000771e00000)
 Metaspace       used 93403K, capacity 99386K, committed 99584K, reserved 1134592K
  class space    used 12423K, capacity 13705K, committed 13824K, reserved 1048576K
}

